{"C:\\Users\\GowthamJ\\Desktop\\JnJ_assignment\\server\\src\\app.ts": {"path":"C:\\Users\\GowthamJ\\Desktop\\JnJ_assignment\\server\\src\\app.ts","statementMap":{"0":{"start":{"line":1,"column":0},"end":{"line":1,"column":30}},"1":{"start":{"line":2,"column":0},"end":{"line":2,"column":35}},"2":{"start":{"line":3,"column":0},"end":{"line":3,"column":30}},"3":{"start":{"line":4,"column":0},"end":{"line":4,"column":38}},"4":{"start":{"line":5,"column":0},"end":{"line":5,"column":43}},"5":{"start":{"line":6,"column":0},"end":{"line":6,"column":24}},"6":{"start":{"line":7,"column":0},"end":{"line":7,"column":23}},"7":{"start":{"line":8,"column":0},"end":{"line":8,"column":37}},"8":{"start":{"line":11,"column":0},"end":{"line":11,"column":57}},"9":{"start":{"line":12,"column":0},"end":{"line":12,"column":59}},"10":{"start":{"line":13,"column":0},"end":{"line":13,"column":41}},"11":{"start":{"line":16,"column":0},"end":{"line":16,"column":null}},"12":{"start":{"line":22,"column":0},"end":{"line":22,"column":null}},"13":{"start":{"line":30,"column":12},"end":{"line":30,"column":21}},"14":{"start":{"line":81,"column":9},"end":{"line":81,"column":12}},"15":{"start":{"line":32,"column":0},"end":{"line":32,"column":16}},"16":{"start":{"line":33,"column":0},"end":{"line":38,"column":2}},"17":{"start":{"line":39,"column":0},"end":{"line":39,"column":26}},"18":{"start":{"line":40,"column":0},"end":{"line":40,"column":24}},"19":{"start":{"line":41,"column":0},"end":{"line":41,"column":27}},"20":{"start":{"line":45,"column":0},"end":{"line":53,"column":2}},"21":{"start":{"line":57,"column":0},"end":{"line":57,"column":22}},"22":{"start":{"line":58,"column":0},"end":{"line":58,"column":22}},"23":{"start":{"line":59,"column":0},"end":{"line":59,"column":23}},"24":{"start":{"line":60,"column":0},"end":{"line":60,"column":27}},"25":{"start":{"line":63,"column":0},"end":{"line":63,"column":25}},"26":{"start":{"line":64,"column":0},"end":{"line":64,"column":27}},"27":{"start":{"line":65,"column":0},"end":{"line":65,"column":31}},"28":{"start":{"line":66,"column":0},"end":{"line":66,"column":24}},"29":{"start":{"line":67,"column":0},"end":{"line":67,"column":28}},"30":{"start":{"line":70,"column":0},"end":{"line":72,"column":3}},"31":{"start":{"line":70,"column":32},"end":{"line":72,"column":2}},"32":{"start":{"line":71,"column":2},"end":{"line":71,"column":28}},"33":{"start":{"line":75,"column":0},"end":{"line":77,"column":3}},"34":{"start":{"line":76,"column":2},"end":{"line":76,"column":25}},"35":{"start":{"line":79,"column":0},"end":{"line":79,"column":22}}},"fnMap":{"0":{"name":"(anonymous_8)","decl":{"start":{"line":70,"column":13},"end":{"line":70,"column":20}},"loc":{"start":{"line":70,"column":32},"end":{"line":72,"column":2}}},"1":{"name":"(anonymous_9)","decl":{"start":{"line":70,"column":32},"end":{"line":70,"column":null}},"loc":{"start":{"line":70,"column":32},"end":{"line":72,"column":1}}},"2":{"name":"(anonymous_10)","decl":{"start":{"line":75,"column":8},"end":{"line":75,"column":18}},"loc":{"start":{"line":75,"column":32},"end":{"line":77,"column":1}}}},"branchMap":{},"s":{"0":1,"1":1,"2":1,"3":1,"4":1,"5":1,"6":1,"7":1,"8":1,"9":1,"10":1,"11":1,"12":1,"13":1,"14":1,"15":1,"16":1,"17":1,"18":1,"19":1,"20":1,"21":1,"22":1,"23":1,"24":1,"25":1,"26":1,"27":1,"28":1,"29":1,"30":1,"31":0,"32":0,"33":1,"34":0,"35":1},"f":{"0":0,"1":0,"2":0},"b":{}}
,"C:\\Users\\GowthamJ\\Desktop\\JnJ_assignment\\server\\src\\errors\\bad-request-error.ts": {"path":"C:\\Users\\GowthamJ\\Desktop\\JnJ_assignment\\server\\src\\errors\\bad-request-error.ts","statementMap":{"0":{"start":{"line":1,"column":0},"end":{"line":1,"column":45}},"1":{"start":{"line":7,"column":4},"end":{"line":7,"column":19}},"2":{"start":{"line":6,"column":21},"end":{"line":6,"column":36}},"3":{"start":{"line":4,"column":2},"end":{"line":4,"column":19}},"4":{"start":{"line":9,"column":4},"end":{"line":9,"column":59}},"5":{"start":{"line":13,"column":4},"end":{"line":13,"column":39}},"6":{"start":{"line":3,"column":0},"end":{"line":3,"column":13}}},"fnMap":{"0":{"name":"(anonymous_0)","decl":{"start":{"line":6,"column":2},"end":{"line":6,"column":21}},"loc":{"start":{"line":6,"column":36},"end":{"line":10,"column":3}}},"1":{"name":"(anonymous_1)","decl":{"start":{"line":12,"column":2},"end":{"line":12,"column":17}},"loc":{"start":{"line":12,"column":17},"end":{"line":14,"column":3}}}},"branchMap":{},"s":{"0":1,"1":0,"2":0,"3":0,"4":0,"5":0,"6":1},"f":{"0":0,"1":0},"b":{}}
,"C:\\Users\\GowthamJ\\Desktop\\JnJ_assignment\\server\\src\\errors\\custom-error.ts": {"path":"C:\\Users\\GowthamJ\\Desktop\\JnJ_assignment\\server\\src\\errors\\custom-error.ts","statementMap":{"0":{"start":{"line":5,"column":4},"end":{"line":5,"column":19}},"1":{"start":{"line":7,"column":4},"end":{"line":7,"column":55}},"2":{"start":{"line":1,"column":0},"end":{"line":1,"column":22}}},"fnMap":{"0":{"name":"(anonymous_0)","decl":{"start":{"line":4,"column":2},"end":{"line":4,"column":14}},"loc":{"start":{"line":4,"column":29},"end":{"line":8,"column":3}}}},"branchMap":{},"s":{"0":0,"1":0,"2":1},"f":{"0":0},"b":{}}
,"C:\\Users\\GowthamJ\\Desktop\\JnJ_assignment\\server\\src\\errors\\not-authorized-error.ts": {"path":"C:\\Users\\GowthamJ\\Desktop\\JnJ_assignment\\server\\src\\errors\\not-authorized-error.ts","statementMap":{"0":{"start":{"line":1,"column":0},"end":{"line":1,"column":45}},"1":{"start":{"line":7,"column":4},"end":{"line":7,"column":28}},"2":{"start":{"line":4,"column":2},"end":{"line":4,"column":19}},"3":{"start":{"line":9,"column":4},"end":{"line":9,"column":62}},"4":{"start":{"line":13,"column":4},"end":{"line":13,"column":43}},"5":{"start":{"line":3,"column":0},"end":{"line":3,"column":13}}},"fnMap":{"0":{"name":"(anonymous_0)","decl":{"start":{"line":6,"column":2},"end":{"line":6,"column":null}},"loc":{"start":{"line":6,"column":2},"end":{"line":10,"column":3}}},"1":{"name":"(anonymous_1)","decl":{"start":{"line":12,"column":2},"end":{"line":12,"column":17}},"loc":{"start":{"line":12,"column":17},"end":{"line":14,"column":3}}}},"branchMap":{},"s":{"0":1,"1":0,"2":0,"3":0,"4":0,"5":1},"f":{"0":0,"1":0},"b":{}}
,"C:\\Users\\GowthamJ\\Desktop\\JnJ_assignment\\server\\src\\errors\\not-found-error.ts": {"path":"C:\\Users\\GowthamJ\\Desktop\\JnJ_assignment\\server\\src\\errors\\not-found-error.ts","statementMap":{"0":{"start":{"line":1,"column":0},"end":{"line":1,"column":45}},"1":{"start":{"line":7,"column":4},"end":{"line":7,"column":29}},"2":{"start":{"line":4,"column":2},"end":{"line":4,"column":19}},"3":{"start":{"line":9,"column":4},"end":{"line":9,"column":57}},"4":{"start":{"line":13,"column":4},"end":{"line":13,"column":38}},"5":{"start":{"line":3,"column":0},"end":{"line":3,"column":13}}},"fnMap":{"0":{"name":"(anonymous_0)","decl":{"start":{"line":6,"column":2},"end":{"line":6,"column":null}},"loc":{"start":{"line":6,"column":2},"end":{"line":10,"column":3}}},"1":{"name":"(anonymous_1)","decl":{"start":{"line":12,"column":2},"end":{"line":12,"column":17}},"loc":{"start":{"line":12,"column":17},"end":{"line":14,"column":3}}}},"branchMap":{},"s":{"0":1,"1":0,"2":0,"3":0,"4":0,"5":1},"f":{"0":0,"1":0},"b":{}}
,"C:\\Users\\GowthamJ\\Desktop\\JnJ_assignment\\server\\src\\errors\\request-validation-error.ts": {"path":"C:\\Users\\GowthamJ\\Desktop\\JnJ_assignment\\server\\src\\errors\\request-validation-error.ts","statementMap":{"0":{"start":{"line":2,"column":0},"end":{"line":2,"column":45}},"1":{"start":{"line":8,"column":4},"end":{"line":8,"column":40}},"2":{"start":{"line":7,"column":21},"end":{"line":7,"column":46}},"3":{"start":{"line":5,"column":2},"end":{"line":5,"column":19}},"4":{"start":{"line":11,"column":4},"end":{"line":11,"column":66}},"5":{"start":{"line":15,"column":4},"end":{"line":17,"column":7}},"6":{"start":{"line":16,"column":6},"end":{"line":16,"column":52}},"7":{"start":{"line":4,"column":0},"end":{"line":4,"column":13}}},"fnMap":{"0":{"name":"(anonymous_0)","decl":{"start":{"line":7,"column":2},"end":{"line":7,"column":21}},"loc":{"start":{"line":7,"column":46},"end":{"line":12,"column":3}}},"1":{"name":"(anonymous_1)","decl":{"start":{"line":14,"column":2},"end":{"line":14,"column":17}},"loc":{"start":{"line":14,"column":17},"end":{"line":18,"column":3}}},"2":{"name":"(anonymous_2)","decl":{"start":{"line":15,"column":27},"end":{"line":15,"column":28}},"loc":{"start":{"line":15,"column":35},"end":{"line":17,"column":5}}}},"branchMap":{},"s":{"0":1,"1":0,"2":0,"3":0,"4":0,"5":0,"6":0,"7":1},"f":{"0":0,"1":0,"2":0},"b":{}}
,"C:\\Users\\GowthamJ\\Desktop\\JnJ_assignment\\server\\src\\helpers\\daysValidation.ts": {"path":"C:\\Users\\GowthamJ\\Desktop\\JnJ_assignment\\server\\src\\helpers\\daysValidation.ts","statementMap":{"0":{"start":{"line":1,"column":23},"end":{"line":29,"column":1}},"1":{"start":{"line":2,"column":2},"end":{"line":28,"column":5}},"2":{"start":{"line":2,"column":34},"end":{"line":28,"column":4}},"3":{"start":{"line":3,"column":19},"end":{"line":3,"column":49}},"4":{"start":{"line":6,"column":18},"end":{"line":6,"column":41}},"5":{"start":{"line":8,"column":18},"end":{"line":8,"column":28}},"6":{"start":{"line":11,"column":31},"end":{"line":11,"column":64}},"7":{"start":{"line":14,"column":31},"end":{"line":14,"column":70}},"8":{"start":{"line":17,"column":4},"end":{"line":27,"column":null}},"9":{"start":{"line":18,"column":6},"end":{"line":20,"column":9}},"10":{"start":{"line":21,"column":6},"end":{"line":21,"column":27}},"11":{"start":{"line":23,"column":6},"end":{"line":25,"column":9}},"12":{"start":{"line":26,"column":6},"end":{"line":26,"column":27}},"13":{"start":{"line":31,"column":9},"end":{"line":31,"column":23}}},"fnMap":{"0":{"name":"(anonymous_7)","decl":{"start":{"line":1,"column":23},"end":{"line":1,"column":24}},"loc":{"start":{"line":1,"column":53},"end":{"line":29,"column":1}}},"1":{"name":"(anonymous_8)","decl":{"start":{"line":2,"column":14},"end":{"line":2,"column":21}},"loc":{"start":{"line":2,"column":34},"end":{"line":28,"column":4}}},"2":{"name":"(anonymous_9)","decl":{"start":{"line":2,"column":34},"end":{"line":2,"column":null}},"loc":{"start":{"line":2,"column":34},"end":{"line":28,"column":3}}}},"branchMap":{"0":{"loc":{"start":{"line":17,"column":4},"end":{"line":27,"column":null}},"type":"if","locations":[{"start":{"line":17,"column":4},"end":{"line":27,"column":null}},{"start":{"line":22,"column":11},"end":{"line":27,"column":null}}]},"1":{"loc":{"start":{"line":18,"column":6},"end":{"line":20,"column":8}},"type":"cond-expr","locations":[{"start":{"line":18,"column":12},"end":{"line":18,"column":14}},{"start":{"line":18,"column":6},"end":{"line":20,"column":8}}]},"2":{"loc":{"start":{"line":18,"column":6},"end":{"line":18,"column":14}},"type":"binary-expr","locations":[{"start":{"line":18,"column":6},"end":{"line":18,"column":14}},{"start":{"line":18,"column":6},"end":{"line":18,"column":14}}]},"3":{"loc":{"start":{"line":21,"column":12},"end":{"line":21,"column":26}},"type":"cond-expr","locations":[{"start":{"line":21,"column":18},"end":{"line":21,"column":20}},{"start":{"line":21,"column":12},"end":{"line":21,"column":26}}]},"4":{"loc":{"start":{"line":21,"column":12},"end":{"line":21,"column":20}},"type":"binary-expr","locations":[{"start":{"line":21,"column":12},"end":{"line":21,"column":20}},{"start":{"line":21,"column":12},"end":{"line":21,"column":20}}]},"5":{"loc":{"start":{"line":23,"column":6},"end":{"line":25,"column":8}},"type":"cond-expr","locations":[{"start":{"line":23,"column":12},"end":{"line":23,"column":14}},{"start":{"line":23,"column":6},"end":{"line":25,"column":8}}]},"6":{"loc":{"start":{"line":23,"column":6},"end":{"line":23,"column":14}},"type":"binary-expr","locations":[{"start":{"line":23,"column":6},"end":{"line":23,"column":14}},{"start":{"line":23,"column":6},"end":{"line":23,"column":14}}]},"7":{"loc":{"start":{"line":26,"column":12},"end":{"line":26,"column":26}},"type":"cond-expr","locations":[{"start":{"line":26,"column":18},"end":{"line":26,"column":20}},{"start":{"line":26,"column":12},"end":{"line":26,"column":26}}]},"8":{"loc":{"start":{"line":26,"column":12},"end":{"line":26,"column":20}},"type":"binary-expr","locations":[{"start":{"line":26,"column":12},"end":{"line":26,"column":20}},{"start":{"line":26,"column":12},"end":{"line":26,"column":20}}]}},"s":{"0":1,"1":0,"2":0,"3":0,"4":0,"5":0,"6":0,"7":0,"8":0,"9":0,"10":0,"11":0,"12":0,"13":1},"f":{"0":0,"1":0,"2":0},"b":{"0":[0,0],"1":[0,0],"2":[0,0],"3":[0,0],"4":[0,0],"5":[0,0],"6":[0,0],"7":[0,0],"8":[0,0]}}
,"C:\\Users\\GowthamJ\\Desktop\\JnJ_assignment\\server\\src\\middlewares\\current-user.ts": {"path":"C:\\Users\\GowthamJ\\Desktop\\JnJ_assignment\\server\\src\\middlewares\\current-user.ts","statementMap":{"0":{"start":{"line":2,"column":0},"end":{"line":2,"column":31}},"1":{"start":{"line":23,"column":27},"end":{"line":41,"column":1}},"2":{"start":{"line":28,"column":21},"end":{"line":28,"column":46}},"3":{"start":{"line":29,"column":2},"end":{"line":31,"column":null}},"4":{"start":{"line":30,"column":4},"end":{"line":30,"column":18}},"5":{"start":{"line":32,"column":2},"end":{"line":39,"column":null}},"6":{"start":{"line":33,"column":18},"end":{"line":33,"column":42}},"7":{"start":{"line":35,"column":20},"end":{"line":35,"column":74}},"8":{"start":{"line":36,"column":4},"end":{"line":36,"column":30}},"9":{"start":{"line":38,"column":4},"end":{"line":38,"column":23}},"10":{"start":{"line":40,"column":2},"end":{"line":40,"column":9}},"11":{"start":{"line":23,"column":13},"end":{"line":23,"column":27}}},"fnMap":{"0":{"name":"(anonymous_1)","decl":{"start":{"line":23,"column":27},"end":{"line":23,"column":null}},"loc":{"start":{"line":27,"column":4},"end":{"line":41,"column":1}}}},"branchMap":{"0":{"loc":{"start":{"line":29,"column":2},"end":{"line":31,"column":null}},"type":"if","locations":[{"start":{"line":29,"column":2},"end":{"line":31,"column":null}}]}},"s":{"0":1,"1":1,"2":0,"3":0,"4":0,"5":0,"6":0,"7":0,"8":0,"9":0,"10":0,"11":1},"f":{"0":0},"b":{"0":[0]}}
,"C:\\Users\\GowthamJ\\Desktop\\JnJ_assignment\\server\\src\\middlewares\\error-handler.ts": {"path":"C:\\Users\\GowthamJ\\Desktop\\JnJ_assignment\\server\\src\\middlewares\\error-handler.ts","statementMap":{"0":{"start":{"line":2,"column":0},"end":{"line":2,"column":53}},"1":{"start":{"line":4,"column":28},"end":{"line":18,"column":1}},"2":{"start":{"line":10,"column":2},"end":{"line":12,"column":null}},"3":{"start":{"line":11,"column":4},"end":{"line":11,"column":78}},"4":{"start":{"line":14,"column":2},"end":{"line":14,"column":19}},"5":{"start":{"line":15,"column":2},"end":{"line":17,"column":5}},"6":{"start":{"line":4,"column":13},"end":{"line":4,"column":28}}},"fnMap":{"0":{"name":"(anonymous_0)","decl":{"start":{"line":4,"column":28},"end":{"line":4,"column":null}},"loc":{"start":{"line":9,"column":4},"end":{"line":18,"column":1}}}},"branchMap":{"0":{"loc":{"start":{"line":10,"column":2},"end":{"line":12,"column":null}},"type":"if","locations":[{"start":{"line":10,"column":2},"end":{"line":12,"column":null}}]}},"s":{"0":1,"1":1,"2":0,"3":0,"4":0,"5":0,"6":1},"f":{"0":0},"b":{"0":[0]}}
,"C:\\Users\\GowthamJ\\Desktop\\JnJ_assignment\\server\\src\\middlewares\\index.ts": {"path":"C:\\Users\\GowthamJ\\Desktop\\JnJ_assignment\\server\\src\\middlewares\\index.ts","statementMap":{"0":{"start":{"line":1,"column":0},"end":{"line":1,"column":9}},"1":{"start":{"line":1,"column":9},"end":{"line":1,"column":45}},"2":{"start":{"line":2,"column":0},"end":{"line":2,"column":9}},"3":{"start":{"line":2,"column":9},"end":{"line":2,"column":47}},"4":{"start":{"line":3,"column":0},"end":{"line":3,"column":9}},"5":{"start":{"line":3,"column":9},"end":{"line":3,"column":45}},"6":{"start":{"line":4,"column":0},"end":{"line":4,"column":9}},"7":{"start":{"line":4,"column":9},"end":{"line":4,"column":53}}},"fnMap":{"0":{"name":"(anonymous_0)","decl":{"start":{"line":1,"column":9},"end":{"line":1,"column":20}},"loc":{"start":{"line":1,"column":9},"end":{"line":1,"column":45}}},"1":{"name":"(anonymous_1)","decl":{"start":{"line":2,"column":9},"end":{"line":2,"column":21}},"loc":{"start":{"line":2,"column":9},"end":{"line":2,"column":47}}},"2":{"name":"(anonymous_2)","decl":{"start":{"line":3,"column":9},"end":{"line":3,"column":20}},"loc":{"start":{"line":3,"column":9},"end":{"line":3,"column":45}}},"3":{"name":"(anonymous_3)","decl":{"start":{"line":4,"column":9},"end":{"line":4,"column":24}},"loc":{"start":{"line":4,"column":9},"end":{"line":4,"column":53}}}},"branchMap":{},"s":{"0":1,"1":3,"2":1,"3":1,"4":1,"5":3,"6":1,"7":2},"f":{"0":2,"1":0,"2":2,"3":1},"b":{}}
,"C:\\Users\\GowthamJ\\Desktop\\JnJ_assignment\\server\\src\\middlewares\\require-auth.ts": {"path":"C:\\Users\\GowthamJ\\Desktop\\JnJ_assignment\\server\\src\\middlewares\\require-auth.ts","statementMap":{"0":{"start":{"line":3,"column":0},"end":{"line":3,"column":68}},"1":{"start":{"line":5,"column":27},"end":{"line":15,"column":1}},"2":{"start":{"line":10,"column":2},"end":{"line":12,"column":null}},"3":{"start":{"line":11,"column":4},"end":{"line":11,"column":35}},"4":{"start":{"line":14,"column":2},"end":{"line":14,"column":9}},"5":{"start":{"line":5,"column":13},"end":{"line":5,"column":27}}},"fnMap":{"0":{"name":"(anonymous_0)","decl":{"start":{"line":5,"column":27},"end":{"line":5,"column":null}},"loc":{"start":{"line":9,"column":4},"end":{"line":15,"column":1}}}},"branchMap":{"0":{"loc":{"start":{"line":10,"column":2},"end":{"line":12,"column":null}},"type":"if","locations":[{"start":{"line":10,"column":2},"end":{"line":12,"column":null}}]}},"s":{"0":1,"1":1,"2":0,"3":0,"4":0,"5":1},"f":{"0":0},"b":{"0":[0]}}
,"C:\\Users\\GowthamJ\\Desktop\\JnJ_assignment\\server\\src\\middlewares\\validate-request.ts": {"path":"C:\\Users\\GowthamJ\\Desktop\\JnJ_assignment\\server\\src\\middlewares\\validate-request.ts","statementMap":{"0":{"start":{"line":2,"column":0},"end":{"line":2,"column":53}},"1":{"start":{"line":3,"column":0},"end":{"line":3,"column":76}},"2":{"start":{"line":5,"column":31},"end":{"line":17,"column":1}},"3":{"start":{"line":10,"column":17},"end":{"line":10,"column":38}},"4":{"start":{"line":12,"column":2},"end":{"line":14,"column":null}},"5":{"start":{"line":13,"column":4},"end":{"line":13,"column":53}},"6":{"start":{"line":16,"column":2},"end":{"line":16,"column":9}},"7":{"start":{"line":5,"column":13},"end":{"line":5,"column":31}}},"fnMap":{"0":{"name":"(anonymous_0)","decl":{"start":{"line":5,"column":31},"end":{"line":5,"column":null}},"loc":{"start":{"line":9,"column":4},"end":{"line":17,"column":1}}}},"branchMap":{"0":{"loc":{"start":{"line":12,"column":2},"end":{"line":14,"column":null}},"type":"if","locations":[{"start":{"line":12,"column":2},"end":{"line":14,"column":null}}]}},"s":{"0":1,"1":1,"2":1,"3":1,"4":1,"5":0,"6":1,"7":1},"f":{"0":1},"b":{"0":[0]}}
,"C:\\Users\\GowthamJ\\Desktop\\JnJ_assignment\\server\\src\\models\\devices.ts": {"path":"C:\\Users\\GowthamJ\\Desktop\\JnJ_assignment\\server\\src\\models\\devices.ts","statementMap":{"0":{"start":{"line":1,"column":0},"end":{"line":1,"column":32}},"1":{"start":{"line":35,"column":21},"end":{"line":77,"column":null}},"2":{"start":{"line":73,"column":8},"end":{"line":73,"column":25}},"3":{"start":{"line":74,"column":8},"end":{"line":74,"column":23}},"4":{"start":{"line":80,"column":0},"end":{"line":82,"column":2}},"5":{"start":{"line":81,"column":2},"end":{"line":81,"column":26}},"6":{"start":{"line":84,"column":15},"end":{"line":84,"column":77}},"7":{"start":{"line":86,"column":9},"end":{"line":86,"column":15}}},"fnMap":{"0":{"name":"(anonymous_1)","decl":{"start":{"line":72,"column":6},"end":{"line":72,"column":15}},"loc":{"start":{"line":72,"column":24},"end":{"line":75,"column":7}}},"1":{"name":"(anonymous_2)","decl":{"start":{"line":80,"column":29},"end":{"line":80,"column":30}},"loc":{"start":{"line":80,"column":50},"end":{"line":82,"column":1}}}},"branchMap":{},"s":{"0":1,"1":1,"2":0,"3":0,"4":1,"5":0,"6":1,"7":1},"f":{"0":0,"1":0},"b":{}}
,"C:\\Users\\GowthamJ\\Desktop\\JnJ_assignment\\server\\src\\models\\user.ts": {"path":"C:\\Users\\GowthamJ\\Desktop\\JnJ_assignment\\server\\src\\models\\user.ts","statementMap":{"0":{"start":{"line":1,"column":0},"end":{"line":1,"column":32}},"1":{"start":{"line":2,"column":0},"end":{"line":2,"column":48}},"2":{"start":{"line":30,"column":19},"end":{"line":62,"column":null}},"3":{"start":{"line":56,"column":8},"end":{"line":56,"column":25}},"4":{"start":{"line":57,"column":8},"end":{"line":57,"column":23}},"5":{"start":{"line":58,"column":8},"end":{"line":58,"column":28}},"6":{"start":{"line":59,"column":8},"end":{"line":59,"column":23}},"7":{"start":{"line":65,"column":0},"end":{"line":71,"column":3}},"8":{"start":{"line":66,"column":2},"end":{"line":69,"column":null}},"9":{"start":{"line":67,"column":19},"end":{"line":67,"column":62}},"10":{"start":{"line":68,"column":4},"end":{"line":68,"column":33}},"11":{"start":{"line":70,"column":2},"end":{"line":70,"column":9}},"12":{"start":{"line":73,"column":0},"end":{"line":75,"column":2}},"13":{"start":{"line":74,"column":2},"end":{"line":74,"column":25}},"14":{"start":{"line":77,"column":13},"end":{"line":77,"column":67}},"15":{"start":{"line":79,"column":9},"end":{"line":79,"column":13}}},"fnMap":{"0":{"name":"(anonymous_8)","decl":{"start":{"line":55,"column":6},"end":{"line":55,"column":15}},"loc":{"start":{"line":55,"column":24},"end":{"line":60,"column":7}}},"1":{"name":"(anonymous_9)","decl":{"start":{"line":65,"column":23},"end":{"line":65,"column":39}},"loc":{"start":{"line":65,"column":43},"end":{"line":71,"column":2}}},"2":{"name":"(anonymous_11)","decl":{"start":{"line":73,"column":27},"end":{"line":73,"column":28}},"loc":{"start":{"line":73,"column":48},"end":{"line":75,"column":1}}}},"branchMap":{"0":{"loc":{"start":{"line":66,"column":2},"end":{"line":69,"column":null}},"type":"if","locations":[{"start":{"line":66,"column":2},"end":{"line":69,"column":null}}]}},"s":{"0":1,"1":1,"2":1,"3":0,"4":0,"5":0,"6":0,"7":1,"8":0,"9":0,"10":0,"11":0,"12":1,"13":0,"14":1,"15":1},"f":{"0":0,"1":0,"2":0},"b":{"0":[0]}}
,"C:\\Users\\GowthamJ\\Desktop\\JnJ_assignment\\server\\src\\routes\\auth\\current-user.ts": {"path":"C:\\Users\\GowthamJ\\Desktop\\JnJ_assignment\\server\\src\\routes\\auth\\current-user.ts","statementMap":{"0":{"start":{"line":1,"column":0},"end":{"line":1,"column":67}},"1":{"start":{"line":2,"column":0},"end":{"line":2,"column":61}},"2":{"start":{"line":6,"column":15},"end":{"line":6,"column":31}},"3":{"start":{"line":12,"column":19},"end":{"line":12,"column":36}},"4":{"start":{"line":8,"column":0},"end":{"line":10,"column":3}},"5":{"start":{"line":9,"column":2},"end":{"line":9,"column":53}}},"fnMap":{"0":{"name":"(anonymous_1)","decl":{"start":{"line":8,"column":46},"end":{"line":8,"column":47}},"loc":{"start":{"line":8,"column":78},"end":{"line":10,"column":1}}}},"branchMap":{"0":{"loc":{"start":{"line":9,"column":26},"end":{"line":9,"column":49}},"type":"binary-expr","locations":[{"start":{"line":9,"column":26},"end":{"line":9,"column":41}},{"start":{"line":9,"column":45},"end":{"line":9,"column":49}}]}},"s":{"0":1,"1":1,"2":1,"3":1,"4":1,"5":0},"f":{"0":0},"b":{"0":[0,0]}}
,"C:\\Users\\GowthamJ\\Desktop\\JnJ_assignment\\server\\src\\routes\\auth\\index.ts": {"path":"C:\\Users\\GowthamJ\\Desktop\\JnJ_assignment\\server\\src\\routes\\auth\\index.ts","statementMap":{"0":{"start":{"line":1,"column":0},"end":{"line":1,"column":9}},"1":{"start":{"line":1,"column":9},"end":{"line":1,"column":40}},"2":{"start":{"line":2,"column":0},"end":{"line":2,"column":9}},"3":{"start":{"line":2,"column":9},"end":{"line":2,"column":40}},"4":{"start":{"line":3,"column":0},"end":{"line":3,"column":9}},"5":{"start":{"line":3,"column":9},"end":{"line":3,"column":42}},"6":{"start":{"line":4,"column":0},"end":{"line":4,"column":9}},"7":{"start":{"line":4,"column":9},"end":{"line":4,"column":51}}},"fnMap":{"0":{"name":"(anonymous_0)","decl":{"start":{"line":1,"column":9},"end":{"line":1,"column":21}},"loc":{"start":{"line":1,"column":9},"end":{"line":1,"column":40}}},"1":{"name":"(anonymous_1)","decl":{"start":{"line":2,"column":9},"end":{"line":2,"column":21}},"loc":{"start":{"line":2,"column":9},"end":{"line":2,"column":40}}},"2":{"name":"(anonymous_2)","decl":{"start":{"line":3,"column":9},"end":{"line":3,"column":22}},"loc":{"start":{"line":3,"column":9},"end":{"line":3,"column":42}}},"3":{"name":"(anonymous_3)","decl":{"start":{"line":4,"column":9},"end":{"line":4,"column":26}},"loc":{"start":{"line":4,"column":9},"end":{"line":4,"column":51}}}},"branchMap":{},"s":{"0":1,"1":2,"2":1,"3":2,"4":1,"5":2,"6":1,"7":2},"f":{"0":1,"1":1,"2":1,"3":1},"b":{}}
,"C:\\Users\\GowthamJ\\Desktop\\JnJ_assignment\\server\\src\\routes\\auth\\signin.ts": {"path":"C:\\Users\\GowthamJ\\Desktop\\JnJ_assignment\\server\\src\\routes\\auth\\signin.ts","statementMap":{"0":{"start":{"line":1,"column":0},"end":{"line":1,"column":53}},"1":{"start":{"line":2,"column":0},"end":{"line":2,"column":41}},"2":{"start":{"line":3,"column":0},"end":{"line":3,"column":31}},"3":{"start":{"line":4,"column":0},"end":{"line":4,"column":69}},"4":{"start":{"line":5,"column":0},"end":{"line":5,"column":65}},"5":{"start":{"line":7,"column":0},"end":{"line":7,"column":51}},"6":{"start":{"line":8,"column":0},"end":{"line":8,"column":41}},"7":{"start":{"line":10,"column":15},"end":{"line":10,"column":31}},"8":{"start":{"line":61,"column":19},"end":{"line":61,"column":31}},"9":{"start":{"line":12,"column":0},"end":{"line":59,"column":2}},"10":{"start":{"line":22,"column":40},"end":{"line":58,"column":null}},"11":{"start":{"line":23,"column":32},"end":{"line":23,"column":40}},"12":{"start":{"line":26,"column":25},"end":{"line":26,"column":54}},"13":{"start":{"line":27,"column":4},"end":{"line":29,"column":null}},"14":{"start":{"line":28,"column":6},"end":{"line":28,"column":55}},"15":{"start":{"line":31,"column":27},"end":{"line":33,"column":null}},"16":{"start":{"line":36,"column":4},"end":{"line":38,"column":null}},"17":{"start":{"line":37,"column":6},"end":{"line":37,"column":55}},"18":{"start":{"line":40,"column":20},"end":{"line":48,"column":null}},"19":{"start":{"line":52,"column":4},"end":{"line":54,"column":6}},"20":{"start":{"line":56,"column":4},"end":{"line":56,"column":31}},"21":{"start":{"line":57,"column":4},"end":{"line":57,"column":57}}},"fnMap":{"0":{"name":"(anonymous_8)","decl":{"start":{"line":22,"column":2},"end":{"line":22,"column":9}},"loc":{"start":{"line":22,"column":40},"end":{"line":58,"column":null}}},"1":{"name":"(anonymous_9)","decl":{"start":{"line":22,"column":40},"end":{"line":22,"column":null}},"loc":{"start":{"line":22,"column":40},"end":{"line":58,"column":3}}}},"branchMap":{"0":{"loc":{"start":{"line":27,"column":4},"end":{"line":29,"column":null}},"type":"if","locations":[{"start":{"line":27,"column":4},"end":{"line":29,"column":null}}]},"1":{"loc":{"start":{"line":36,"column":4},"end":{"line":38,"column":null}},"type":"if","locations":[{"start":{"line":36,"column":4},"end":{"line":38,"column":null}}]}},"s":{"0":1,"1":1,"2":1,"3":1,"4":1,"5":1,"6":1,"7":1,"8":1,"9":1,"10":0,"11":0,"12":0,"13":0,"14":0,"15":0,"16":0,"17":0,"18":0,"19":0,"20":0,"21":0},"f":{"0":0,"1":0},"b":{"0":[0],"1":[0]}}
,"C:\\Users\\GowthamJ\\Desktop\\JnJ_assignment\\server\\src\\routes\\auth\\signout.ts": {"path":"C:\\Users\\GowthamJ\\Desktop\\JnJ_assignment\\server\\src\\routes\\auth\\signout.ts","statementMap":{"0":{"start":{"line":1,"column":0},"end":{"line":1,"column":30}},"1":{"start":{"line":3,"column":15},"end":{"line":3,"column":31}},"2":{"start":{"line":11,"column":19},"end":{"line":11,"column":32}},"3":{"start":{"line":5,"column":0},"end":{"line":9,"column":3}},"4":{"start":{"line":6,"column":2},"end":{"line":6,"column":21}},"5":{"start":{"line":8,"column":2},"end":{"line":8,"column":15}}},"fnMap":{"0":{"name":"(anonymous_1)","decl":{"start":{"line":5,"column":30},"end":{"line":5,"column":31}},"loc":{"start":{"line":5,"column":43},"end":{"line":9,"column":1}}}},"branchMap":{},"s":{"0":1,"1":1,"2":1,"3":1,"4":0,"5":0},"f":{"0":0},"b":{}}
,"C:\\Users\\GowthamJ\\Desktop\\JnJ_assignment\\server\\src\\routes\\auth\\signup.ts": {"path":"C:\\Users\\GowthamJ\\Desktop\\JnJ_assignment\\server\\src\\routes\\auth\\signup.ts","statementMap":{"0":{"start":{"line":1,"column":0},"end":{"line":1,"column":53}},"1":{"start":{"line":2,"column":0},"end":{"line":2,"column":41}},"2":{"start":{"line":3,"column":0},"end":{"line":3,"column":69}},"3":{"start":{"line":4,"column":0},"end":{"line":4,"column":65}},"4":{"start":{"line":5,"column":0},"end":{"line":5,"column":41}},"5":{"start":{"line":7,"column":15},"end":{"line":7,"column":31}},"6":{"start":{"line":39,"column":19},"end":{"line":39,"column":31}},"7":{"start":{"line":9,"column":0},"end":{"line":37,"column":2}},"8":{"start":{"line":22,"column":40},"end":{"line":36,"column":null}},"9":{"start":{"line":23,"column":61},"end":{"line":23,"column":69}},"10":{"start":{"line":26,"column":25},"end":{"line":26,"column":54}},"11":{"start":{"line":28,"column":4},"end":{"line":30,"column":null}},"12":{"start":{"line":29,"column":6},"end":{"line":29,"column":48}},"13":{"start":{"line":32,"column":17},"end":{"line":32,"column":77}},"14":{"start":{"line":33,"column":4},"end":{"line":33,"column":22}},"15":{"start":{"line":35,"column":4},"end":{"line":35,"column":31}}},"fnMap":{"0":{"name":"(anonymous_8)","decl":{"start":{"line":22,"column":2},"end":{"line":22,"column":9}},"loc":{"start":{"line":22,"column":40},"end":{"line":36,"column":null}}},"1":{"name":"(anonymous_9)","decl":{"start":{"line":22,"column":40},"end":{"line":22,"column":null}},"loc":{"start":{"line":22,"column":40},"end":{"line":36,"column":3}}}},"branchMap":{"0":{"loc":{"start":{"line":28,"column":4},"end":{"line":30,"column":null}},"type":"if","locations":[{"start":{"line":28,"column":4},"end":{"line":30,"column":null}}]}},"s":{"0":1,"1":1,"2":1,"3":1,"4":1,"5":1,"6":1,"7":1,"8":0,"9":0,"10":0,"11":0,"12":0,"13":0,"14":0,"15":0},"f":{"0":0,"1":0},"b":{"0":[0]}}
,"C:\\Users\\GowthamJ\\Desktop\\JnJ_assignment\\server\\src\\routes\\devices\\checkout.ts": {"path":"C:\\Users\\GowthamJ\\Desktop\\JnJ_assignment\\server\\src\\routes\\devices\\checkout.ts","statementMap":{"0":{"start":{"line":1,"column":0},"end":{"line":1,"column":53}},"1":{"start":{"line":2,"column":0},"end":{"line":2,"column":46}},"2":{"start":{"line":3,"column":0},"end":{"line":3,"column":65}},"3":{"start":{"line":4,"column":0},"end":{"line":4,"column":78}},"4":{"start":{"line":5,"column":0},"end":{"line":5,"column":61}},"5":{"start":{"line":7,"column":15},"end":{"line":7,"column":31}},"6":{"start":{"line":66,"column":19},"end":{"line":66,"column":33}},"7":{"start":{"line":9,"column":0},"end":{"line":64,"column":2}},"8":{"start":{"line":13,"column":40},"end":{"line":63,"column":null}},"9":{"start":{"line":14,"column":19},"end":{"line":14,"column":55}},"10":{"start":{"line":17,"column":17},"end":{"line":20,"column":6}},"11":{"start":{"line":22,"column":4},"end":{"line":24,"column":null}},"12":{"start":{"line":23,"column":6},"end":{"line":23,"column":32}},"13":{"start":{"line":28,"column":23},"end":{"line":28,"column":44}},"14":{"start":{"line":29,"column":4},"end":{"line":60,"column":null}},"15":{"start":{"line":30,"column":6},"end":{"line":35,"column":null}},"16":{"start":{"line":34,"column":8},"end":{"line":34,"column":79}},"17":{"start":{"line":38,"column":6},"end":{"line":44,"column":null}},"18":{"start":{"line":39,"column":8},"end":{"line":43,"column":null}},"19":{"start":{"line":40,"column":10},"end":{"line":42,"column":12}},"20":{"start":{"line":45,"column":6},"end":{"line":52,"column":9}},"21":{"start":{"line":54,"column":6},"end":{"line":54,"column":26}},"22":{"start":{"line":55,"column":6},"end":{"line":55,"column":23}},"23":{"start":{"line":57,"column":6},"end":{"line":59,"column":8}}},"fnMap":{"0":{"name":"(anonymous_8)","decl":{"start":{"line":13,"column":2},"end":{"line":13,"column":9}},"loc":{"start":{"line":13,"column":40},"end":{"line":63,"column":null}}},"1":{"name":"(anonymous_9)","decl":{"start":{"line":13,"column":40},"end":{"line":13,"column":null}},"loc":{"start":{"line":13,"column":40},"end":{"line":63,"column":3}}}},"branchMap":{"0":{"loc":{"start":{"line":22,"column":4},"end":{"line":24,"column":null}},"type":"if","locations":[{"start":{"line":22,"column":4},"end":{"line":24,"column":null}}]},"1":{"loc":{"start":{"line":29,"column":4},"end":{"line":60,"column":null}},"type":"if","locations":[{"start":{"line":29,"column":4},"end":{"line":60,"column":null}},{"start":{"line":56,"column":11},"end":{"line":60,"column":null}}]},"2":{"loc":{"start":{"line":29,"column":8},"end":{"line":29,"column":42}},"type":"binary-expr","locations":[{"start":{"line":29,"column":8},"end":{"line":29,"column":23}},{"start":{"line":29,"column":27},"end":{"line":29,"column":42}}]},"3":{"loc":{"start":{"line":30,"column":6},"end":{"line":35,"column":null}},"type":"if","locations":[{"start":{"line":30,"column":6},"end":{"line":35,"column":null}}]},"4":{"loc":{"start":{"line":31,"column":8},"end":{"line":32,"column":45}},"type":"binary-expr","locations":[{"start":{"line":31,"column":8},"end":{"line":31,"column":37}},{"start":{"line":32,"column":8},"end":{"line":32,"column":45}}]},"5":{"loc":{"start":{"line":38,"column":6},"end":{"line":44,"column":null}},"type":"if","locations":[{"start":{"line":38,"column":6},"end":{"line":44,"column":null}}]},"6":{"loc":{"start":{"line":39,"column":8},"end":{"line":43,"column":null}},"type":"if","locations":[{"start":{"line":39,"column":8},"end":{"line":43,"column":null}}]},"7":{"loc":{"start":{"line":39,"column":12},"end":{"line":39,"column":65}},"type":"binary-expr","locations":[{"start":{"line":39,"column":12},"end":{"line":39,"column":40}},{"start":{"line":39,"column":44},"end":{"line":39,"column":65}}]},"8":{"loc":{"start":{"line":39,"column":12},"end":{"line":39,"column":30}},"type":"cond-expr","locations":[{"start":{"line":39,"column":16},"end":{"line":39,"column":18}},{"start":{"line":39,"column":12},"end":{"line":39,"column":30}}]},"9":{"loc":{"start":{"line":39,"column":12},"end":{"line":39,"column":18}},"type":"binary-expr","locations":[{"start":{"line":39,"column":12},"end":{"line":39,"column":18}},{"start":{"line":39,"column":12},"end":{"line":39,"column":18}}]}},"s":{"0":1,"1":1,"2":1,"3":1,"4":1,"5":1,"6":1,"7":1,"8":0,"9":0,"10":0,"11":0,"12":0,"13":0,"14":0,"15":0,"16":0,"17":0,"18":0,"19":0,"20":0,"21":0,"22":0,"23":0},"f":{"0":0,"1":0},"b":{"0":[0],"1":[0,0],"2":[0,0],"3":[0],"4":[0,0],"5":[0],"6":[0],"7":[0,0],"8":[0,0],"9":[0,0]}}
,"C:\\Users\\GowthamJ\\Desktop\\JnJ_assignment\\server\\src\\routes\\devices\\fetch.ts": {"path":"C:\\Users\\GowthamJ\\Desktop\\JnJ_assignment\\server\\src\\routes\\devices\\fetch.ts","statementMap":{"0":{"start":{"line":1,"column":0},"end":{"line":1,"column":30}},"1":{"start":{"line":2,"column":0},"end":{"line":2,"column":46}},"2":{"start":{"line":3,"column":0},"end":{"line":3,"column":62}},"3":{"start":{"line":5,"column":15},"end":{"line":5,"column":31}},"4":{"start":{"line":19,"column":19},"end":{"line":19,"column":36}},"5":{"start":{"line":7,"column":0},"end":{"line":13,"column":3}},"6":{"start":{"line":7,"column":42},"end":{"line":13,"column":2}},"7":{"start":{"line":9,"column":2},"end":{"line":12,"column":5}},"8":{"start":{"line":9,"column":45},"end":{"line":12,"column":4}},"9":{"start":{"line":10,"column":4},"end":{"line":10,"column":42}},"10":{"start":{"line":11,"column":4},"end":{"line":11,"column":22}},"11":{"start":{"line":15,"column":0},"end":{"line":17,"column":3}},"12":{"start":{"line":15,"column":41},"end":{"line":17,"column":2}},"13":{"start":{"line":16,"column":2},"end":{"line":16,"column":28}}},"fnMap":{"0":{"name":"(anonymous_8)","decl":{"start":{"line":7,"column":23},"end":{"line":7,"column":30}},"loc":{"start":{"line":7,"column":42},"end":{"line":13,"column":2}}},"1":{"name":"(anonymous_9)","decl":{"start":{"line":7,"column":42},"end":{"line":7,"column":null}},"loc":{"start":{"line":7,"column":42},"end":{"line":13,"column":1}}},"2":{"name":"(anonymous_10)","decl":{"start":{"line":9,"column":27},"end":{"line":9,"column":34}},"loc":{"start":{"line":9,"column":45},"end":{"line":12,"column":4}}},"3":{"name":"(anonymous_11)","decl":{"start":{"line":9,"column":45},"end":{"line":9,"column":null}},"loc":{"start":{"line":9,"column":45},"end":{"line":12,"column":3}}},"4":{"name":"(anonymous_12)","decl":{"start":{"line":15,"column":22},"end":{"line":15,"column":29}},"loc":{"start":{"line":15,"column":41},"end":{"line":17,"column":2}}},"5":{"name":"(anonymous_13)","decl":{"start":{"line":15,"column":41},"end":{"line":15,"column":null}},"loc":{"start":{"line":15,"column":41},"end":{"line":17,"column":1}}}},"branchMap":{},"s":{"0":1,"1":1,"2":1,"3":1,"4":1,"5":1,"6":0,"7":0,"8":0,"9":0,"10":0,"11":1,"12":1,"13":1},"f":{"0":0,"1":0,"2":0,"3":0,"4":1,"5":1},"b":{}}
,"C:\\Users\\GowthamJ\\Desktop\\JnJ_assignment\\server\\src\\routes\\devices\\fetchById.ts": {"path":"C:\\Users\\GowthamJ\\Desktop\\JnJ_assignment\\server\\src\\routes\\devices\\fetchById.ts","statementMap":{"0":{"start":{"line":1,"column":0},"end":{"line":1,"column":53}},"1":{"start":{"line":2,"column":0},"end":{"line":2,"column":46}},"2":{"start":{"line":3,"column":0},"end":{"line":3,"column":61}},"3":{"start":{"line":4,"column":15},"end":{"line":4,"column":31}},"4":{"start":{"line":16,"column":19},"end":{"line":16,"column":40}},"5":{"start":{"line":6,"column":0},"end":{"line":14,"column":3}},"6":{"start":{"line":6,"column":65},"end":{"line":14,"column":2}},"7":{"start":{"line":8,"column":19},"end":{"line":8,"column":55}},"8":{"start":{"line":9,"column":2},"end":{"line":11,"column":null}},"9":{"start":{"line":10,"column":4},"end":{"line":10,"column":30}},"10":{"start":{"line":13,"column":2},"end":{"line":13,"column":21}}},"fnMap":{"0":{"name":"(anonymous_8)","decl":{"start":{"line":6,"column":27},"end":{"line":6,"column":34}},"loc":{"start":{"line":6,"column":65},"end":{"line":14,"column":2}}},"1":{"name":"(anonymous_9)","decl":{"start":{"line":6,"column":65},"end":{"line":6,"column":null}},"loc":{"start":{"line":6,"column":65},"end":{"line":14,"column":1}}}},"branchMap":{"0":{"loc":{"start":{"line":9,"column":2},"end":{"line":11,"column":null}},"type":"if","locations":[{"start":{"line":9,"column":2},"end":{"line":11,"column":null}}]}},"s":{"0":1,"1":1,"2":1,"3":1,"4":1,"5":1,"6":0,"7":0,"8":0,"9":0,"10":0},"f":{"0":0,"1":0},"b":{"0":[0]}}
,"C:\\Users\\GowthamJ\\Desktop\\JnJ_assignment\\server\\src\\routes\\devices\\index.ts": {"path":"C:\\Users\\GowthamJ\\Desktop\\JnJ_assignment\\server\\src\\routes\\devices\\index.ts","statementMap":{"0":{"start":{"line":1,"column":0},"end":{"line":1,"column":9}},"1":{"start":{"line":1,"column":9},"end":{"line":1,"column":44}},"2":{"start":{"line":2,"column":0},"end":{"line":2,"column":9}},"3":{"start":{"line":2,"column":9},"end":{"line":2,"column":52}},"4":{"start":{"line":3,"column":0},"end":{"line":3,"column":9}},"5":{"start":{"line":3,"column":9},"end":{"line":3,"column":40}},"6":{"start":{"line":4,"column":0},"end":{"line":4,"column":9}},"7":{"start":{"line":4,"column":9},"end":{"line":4,"column":44}},"8":{"start":{"line":5,"column":0},"end":{"line":5,"column":9}},"9":{"start":{"line":5,"column":9},"end":{"line":5,"column":53}}},"fnMap":{"0":{"name":"(anonymous_0)","decl":{"start":{"line":1,"column":9},"end":{"line":1,"column":26}},"loc":{"start":{"line":1,"column":9},"end":{"line":1,"column":44}}},"1":{"name":"(anonymous_1)","decl":{"start":{"line":2,"column":9},"end":{"line":2,"column":30}},"loc":{"start":{"line":2,"column":9},"end":{"line":2,"column":52}}},"2":{"name":"(anonymous_2)","decl":{"start":{"line":3,"column":9},"end":{"line":3,"column":24}},"loc":{"start":{"line":3,"column":9},"end":{"line":3,"column":40}}},"3":{"name":"(anonymous_3)","decl":{"start":{"line":4,"column":9},"end":{"line":4,"column":23}},"loc":{"start":{"line":4,"column":9},"end":{"line":4,"column":44}}},"4":{"name":"(anonymous_4)","decl":{"start":{"line":5,"column":9},"end":{"line":5,"column":27}},"loc":{"start":{"line":5,"column":9},"end":{"line":5,"column":53}}}},"branchMap":{},"s":{"0":1,"1":2,"2":1,"3":2,"4":1,"5":2,"6":1,"7":2,"8":1,"9":2},"f":{"0":1,"1":1,"2":1,"3":1,"4":1},"b":{}}
,"C:\\Users\\GowthamJ\\Desktop\\JnJ_assignment\\server\\src\\routes\\devices\\new.ts": {"path":"C:\\Users\\GowthamJ\\Desktop\\JnJ_assignment\\server\\src\\routes\\devices\\new.ts","statementMap":{"0":{"start":{"line":1,"column":0},"end":{"line":1,"column":53}},"1":{"start":{"line":2,"column":0},"end":{"line":2,"column":41}},"2":{"start":{"line":3,"column":0},"end":{"line":3,"column":46}},"3":{"start":{"line":4,"column":0},"end":{"line":4,"column":65}},"4":{"start":{"line":5,"column":0},"end":{"line":5,"column":78}},"5":{"start":{"line":7,"column":15},"end":{"line":7,"column":31}},"6":{"start":{"line":64,"column":19},"end":{"line":64,"column":34}},"7":{"start":{"line":9,"column":0},"end":{"line":62,"column":2}},"8":{"start":{"line":28,"column":40},"end":{"line":61,"column":null}},"9":{"start":{"line":29,"column":41},"end":{"line":29,"column":49}},"10":{"start":{"line":30,"column":28},"end":{"line":30,"column":47}},"11":{"start":{"line":31,"column":27},"end":{"line":31,"column":59}},"12":{"start":{"line":34,"column":4},"end":{"line":36,"column":null}},"13":{"start":{"line":35,"column":6},"end":{"line":35,"column":77}},"14":{"start":{"line":39,"column":4},"end":{"line":41,"column":null}},"15":{"start":{"line":40,"column":6},"end":{"line":40,"column":57}},"16":{"start":{"line":44,"column":31},"end":{"line":44,"column":41}},"17":{"start":{"line":45,"column":22},"end":{"line":56,"column":6}},"18":{"start":{"line":58,"column":4},"end":{"line":58,"column":27}},"19":{"start":{"line":60,"column":4},"end":{"line":60,"column":36}}},"fnMap":{"0":{"name":"(anonymous_8)","decl":{"start":{"line":28,"column":2},"end":{"line":28,"column":9}},"loc":{"start":{"line":28,"column":40},"end":{"line":61,"column":null}}},"1":{"name":"(anonymous_9)","decl":{"start":{"line":28,"column":40},"end":{"line":28,"column":null}},"loc":{"start":{"line":28,"column":40},"end":{"line":61,"column":3}}}},"branchMap":{"0":{"loc":{"start":{"line":34,"column":4},"end":{"line":36,"column":null}},"type":"if","locations":[{"start":{"line":34,"column":4},"end":{"line":36,"column":null}}]},"1":{"loc":{"start":{"line":39,"column":4},"end":{"line":41,"column":null}},"type":"if","locations":[{"start":{"line":39,"column":4},"end":{"line":41,"column":null}}]}},"s":{"0":1,"1":1,"2":1,"3":1,"4":1,"5":1,"6":1,"7":1,"8":1,"9":1,"10":1,"11":0,"12":0,"13":0,"14":0,"15":0,"16":0,"17":0,"18":0,"19":0},"f":{"0":1,"1":1},"b":{"0":[0],"1":[0]}}
,"C:\\Users\\GowthamJ\\Desktop\\JnJ_assignment\\server\\src\\routes\\devices\\removeDevices.ts": {"path":"C:\\Users\\GowthamJ\\Desktop\\JnJ_assignment\\server\\src\\routes\\devices\\removeDevices.ts","statementMap":{"0":{"start":{"line":1,"column":0},"end":{"line":1,"column":53}},"1":{"start":{"line":2,"column":0},"end":{"line":2,"column":46}},"2":{"start":{"line":3,"column":0},"end":{"line":3,"column":65}},"3":{"start":{"line":4,"column":0},"end":{"line":4,"column":61}},"4":{"start":{"line":5,"column":0},"end":{"line":5,"column":61}},"5":{"start":{"line":6,"column":15},"end":{"line":6,"column":31}},"6":{"start":{"line":28,"column":19},"end":{"line":28,"column":37}},"7":{"start":{"line":8,"column":0},"end":{"line":26,"column":2}},"8":{"start":{"line":12,"column":40},"end":{"line":25,"column":null}},"9":{"start":{"line":14,"column":19},"end":{"line":14,"column":55}},"10":{"start":{"line":15,"column":4},"end":{"line":17,"column":null}},"11":{"start":{"line":16,"column":6},"end":{"line":16,"column":32}},"12":{"start":{"line":18,"column":4},"end":{"line":22,"column":null}},"13":{"start":{"line":19,"column":6},"end":{"line":21,"column":8}},"14":{"start":{"line":23,"column":4},"end":{"line":23,"column":42}},"15":{"start":{"line":24,"column":4},"end":{"line":24,"column":57}}},"fnMap":{"0":{"name":"(anonymous_8)","decl":{"start":{"line":12,"column":2},"end":{"line":12,"column":9}},"loc":{"start":{"line":12,"column":40},"end":{"line":25,"column":null}}},"1":{"name":"(anonymous_9)","decl":{"start":{"line":12,"column":40},"end":{"line":12,"column":null}},"loc":{"start":{"line":12,"column":40},"end":{"line":25,"column":3}}}},"branchMap":{"0":{"loc":{"start":{"line":15,"column":4},"end":{"line":17,"column":null}},"type":"if","locations":[{"start":{"line":15,"column":4},"end":{"line":17,"column":null}}]},"1":{"loc":{"start":{"line":18,"column":4},"end":{"line":22,"column":null}},"type":"if","locations":[{"start":{"line":18,"column":4},"end":{"line":22,"column":null}}]}},"s":{"0":1,"1":1,"2":1,"3":1,"4":1,"5":1,"6":1,"7":1,"8":0,"9":0,"10":0,"11":0,"12":0,"13":0,"14":0,"15":0},"f":{"0":0,"1":0},"b":{"0":[0],"1":[0]}}
,"C:\\Users\\GowthamJ\\Desktop\\JnJ_assignment\\server\\src\\services\\password.ts": {"path":"C:\\Users\\GowthamJ\\Desktop\\JnJ_assignment\\server\\src\\services\\password.ts","statementMap":{"0":{"start":{"line":1,"column":0},"end":{"line":1,"column":45}},"1":{"start":{"line":2,"column":0},"end":{"line":2,"column":33}},"2":{"start":{"line":4,"column":20},"end":{"line":4,"column":37}},"3":{"start":{"line":9,"column":17},"end":{"line":9,"column":47}},"4":{"start":{"line":10,"column":17},"end":{"line":10,"column":54}},"5":{"start":{"line":12,"column":4},"end":{"line":12,"column":44}},"6":{"start":{"line":16,"column":35},"end":{"line":16,"column":60}},"7":{"start":{"line":17,"column":17},"end":{"line":17,"column":62}},"8":{"start":{"line":19,"column":4},"end":{"line":19,"column":50}},"9":{"start":{"line":6,"column":0},"end":{"line":6,"column":13}}},"fnMap":{"0":{"name":"(anonymous_7)","decl":{"start":{"line":8,"column":2},"end":{"line":8,"column":8}},"loc":{"start":{"line":8,"column":38},"end":{"line":13,"column":null}}},"1":{"name":"(anonymous_9)","decl":{"start":{"line":15,"column":2},"end":{"line":15,"column":8}},"loc":{"start":{"line":15,"column":71},"end":{"line":20,"column":null}}}},"branchMap":{},"s":{"0":1,"1":1,"2":1,"3":0,"4":0,"5":0,"6":0,"7":0,"8":0,"9":1},"f":{"0":0,"1":0},"b":{}}
}
